Starting...
---------------------------------------
"C:\Users\Sowicm\Application Data"
"C:\Users\Sowicm\AppData\Roaming"
拒绝访问。
当文件已存在时，无法创建该文件。
---------------------------------------
---------------------------------------
"C:\Users\Sowicm\Cookies"
"C:\Users\Sowicm\AppData\Roaming\Microsoft\Windows\Cookies"
拒绝访问。
当文件已存在时，无法创建该文件。
---------------------------------------
---------------------------------------
"C:\Users\Sowicm\Local Settings"
"C:\Users\Sowicm\AppData\Local"
拒绝访问。
当文件已存在时，无法创建该文件。
---------------------------------------
---------------------------------------
"C:\Users\Sowicm\My Documents"
"C:\Users\Sowicm\Documents"
拒绝访问。
当文件已存在时，无法创建该文件。
---------------------------------------
---------------------------------------
"C:\Users\Sowicm\NetHood"
"C:\Users\Sowicm\AppData\Roaming\Microsoft\Windows\Network Shortcuts"
拒绝访问。
当文件已存在时，无法创建该文件。
---------------------------------------
---------------------------------------
"C:\Users\Sowicm\PrintHood"
"C:\Users\Sowicm\AppData\Roaming\Microsoft\Windows\Printer Shortcuts"
拒绝访问。
当文件已存在时，无法创建该文件。
---------------------------------------
---------------------------------------
"C:\Users\Sowicm\Recent"
"C:\Users\Sowicm\AppData\Roaming\Microsoft\Windows\Recent"
拒绝访问。
当文件已存在时，无法创建该文件。
---------------------------------------
---------------------------------------
"C:\Users\Sowicm\SendTo"
"C:\Users\Sowicm\AppData\Roaming\Microsoft\Windows\SendTo"
拒绝访问。
当文件已存在时，无法创建该文件。
---------------------------------------
---------------------------------------
"C:\Users\Sowicm\Templates"
"C:\Users\Sowicm\AppData\Roaming\Microsoft\Windows\Templates"
拒绝访问。
当文件已存在时，无法创建该文件。
---------------------------------------
---------------------------------------
"C:\Users\Sowicm\Start Menu"
"C:\Users\Sowicm\Appdata\Roaming\Microsoft\Windows\Start Menu"
拒绝访问。
当文件已存在时，无法创建该文件。
---------------------------------------
---------------------------------------
"C:\Users\Sowicm\AppData\Local\Application Data"
"C:\Users\Sowicm\AppData\Roaming"
拒绝访问。
当文件已存在时，无法创建该文件。
---------------------------------------
---------------------------------------
"C:\Users\Sowicm\AppData\Local\History"
"C:\Users\Sowicm\AppData\Local\Microsoft\Windows\History"
拒绝访问。
当文件已存在时，无法创建该文件。
---------------------------------------
---------------------------------------
"C:\Users\Sowicm\AppData\Local\Temporary Internet Files"
"C:\Users\Sowicm\AppData\Local\Microsoft\Windows\Temporary Internet Files"
拒绝访问。
当文件已存在时，无法创建该文件。
---------------------------------------
---------------------------------------
"C:\Users\Sowicm\AppData\Roaming\Microsoft\Windows\Libraries"
"C:\Users\Sowicm\Dropbox\_win\AppDataSync\Roaming\Microsoft\Windows\Libraries"
拒绝访问。
当文件已存在时，无法创建该文件。
---------------------------------------
---------------------------------------
"C:\Users\Sowicm\AppData\Roaming\Microsoft\Windows\Start Menu"
"C:\Users\Sowicm\Dropbox\_win\AppDataSync\Roaming\Microsoft\Windows\Start Menu"
拒绝访问。
当文件已存在时，无法创建该文件。
---------------------------------------
---------------------------------------
"C:\Users\Sowicm\Contacts"
"C:\Users\Sowicm\Dropbox\_win\HomeSync\Contacts"
拒绝访问。
当文件已存在时，无法创建该文件。
---------------------------------------
---------------------------------------
"C:\Users\Sowicm\Favorites"
"C:\Users\Sowicm\Dropbox\_win\HomeSync\Favorites"
拒绝访问。
当文件已存在时，无法创建该文件。
---------------------------------------
---------------------------------------
"C:\Users\Sowicm\Links"
"C:\Users\Sowicm\Dropbox\_win\HomeSync\Links"
拒绝访问。
当文件已存在时，无法创建该文件。
---------------------------------------
---------------------------------------
"C:\Users\Sowicm\Pictures"
"C:\Users\Sowicm\Dropbox\_win\HomeSync\Pictures"
拒绝访问。
当文件已存在时，无法创建该文件。
---------------------------------------
---------------------------------------
"C:\Users\Sowicm\Videos"
"C:\Users\Sowicm\Dropbox\_win\HomeSync\Videos"
拒绝访问。
当文件已存在时，无法创建该文件。
---------------------------------------
